Standard Commons Logging discovery in action with spring-jcl: please remove commons-logging.jar from classpath in order to avoid potential conflicts

  .   ____          _            __ _ _
 /\\ / ___'_ __ _ _(_)_ __  __ _ \ \ \ \
( ( )\___ | '_ | '_| | '_ \/ _` | \ \ \ \
 \\/  ___)| |_)| | | | | || (_| |  ) ) ) )
  '  |____| .__|_| |_|_| |_\__, | / / / /
 =========|_|==============|___/=/_/_/_/

 :: Spring Boot ::               (v3.3.10)

2025-12-09T17:06:37.464+08:00  INFO 15808 --- [campus-club-manager-backend] [           main] .c.c.CampusClubManagerBackendApplication : Starting CampusClubManagerBackendApplication v0.0.1-SNAPSHOT using Java 21.0.5 with PID 15808 (E:\bangong\2025软件开发\后端\campus-club-manager-backend-master\target\campus-club-manager-backend-0.0.1-SNAPSHOT.jar started by Windows in E:\bangong\2025软件开发\后端\campus-club-manager-backend-master)
2025-12-09T17:06:37.466+08:00  INFO 15808 --- [campus-club-manager-backend] [           main] .c.c.CampusClubManagerBackendApplication : The following 1 profile is active: "dev"
2025-12-09T17:06:38.354+08:00  INFO 15808 --- [campus-club-manager-backend] [           main] o.s.b.w.embedded.tomcat.TomcatWebServer  : Tomcat initialized with port 8080 (http)
2025-12-09T17:06:38.368+08:00  INFO 15808 --- [campus-club-manager-backend] [           main] o.apache.catalina.core.StandardService   : Starting service [Tomcat]
2025-12-09T17:06:38.368+08:00  INFO 15808 --- [campus-club-manager-backend] [           main] o.apache.catalina.core.StandardEngine    : Starting Servlet engine: [Apache Tomcat/10.1.39]
2025-12-09T17:06:38.395+08:00  INFO 15808 --- [campus-club-manager-backend] [           main] o.a.c.c.C.[Tomcat].[localhost].[/api]    : Initializing Spring embedded WebApplicationContext
2025-12-09T17:06:38.397+08:00  INFO 15808 --- [campus-club-manager-backend] [           main] w.s.c.ServletWebServerApplicationContext : Root WebApplicationContext: initialization completed in 901 ms
Standard Commons Logging discovery in action with spring-jcl: please remove commons-logging.jar from classpath in order to avoid potential conflicts
Logging initialized using 'class org.apache.ibatis.logging.stdout.StdOutImpl' adapter.
Get /26.3.55.68 network interface 
Get network interface info: name:ethernet_32773 (Famatech Radmin VPN Ethernet Adapter)
Initialization Sequence datacenterId:18 workerId:21
 _ _   |_  _ _|_. ___ _ |    _ 
| | |\/|_)(_| | |_\  |_)||_|_\ 
     /               |         
                        3.5.9 
2025-12-09T17:06:39.283+08:00  INFO 15808 --- [campus-club-manager-backend] [           main] o.s.b.w.embedded.tomcat.TomcatWebServer  : Tomcat started on port 8080 (http) with context path '/api'
2025-12-09T17:06:39.289+08:00  INFO 15808 --- [campus-club-manager-backend] [           main] .c.c.CampusClubManagerBackendApplication : Started CampusClubManagerBackendApplication in 2.135 seconds (process running for 2.485)
2025-12-09T17:06:39.293+08:00  INFO 15808 --- [campus-club-manager-backend] [           main] .c.c.CampusClubManagerBackendApplication : 
----------------------------------------------------------
	应用程序 campus-club-manager-backend 正在运行中......
	接口文档访问 URL:
	本地: 		http://localhost:8080/api/doc.html
	外部: 	http://26.3.55.68:8080/api/doc.html
	配置文件: 	[dev]
----------------------------------------------------------
2025-12-09T17:07:07.261+08:00  INFO 15808 --- [campus-club-manager-backend] [nio-8080-exec-1] o.a.c.c.C.[Tomcat].[localhost].[/api]    : Initializing Spring DispatcherServlet 'dispatcherServlet'
2025-12-09T17:07:07.262+08:00  INFO 15808 --- [campus-club-manager-backend] [nio-8080-exec-1] o.s.web.servlet.DispatcherServlet        : Initializing Servlet 'dispatcherServlet'
2025-12-09T17:07:07.263+08:00  INFO 15808 --- [campus-club-manager-backend] [nio-8080-exec-1] o.s.web.servlet.DispatcherServlet        : Completed initialization in 1 ms
2025-12-09T17:09:16.541+08:00  INFO 15808 --- [campus-club-manager-backend] [nio-8080-exec-2] o.springdoc.api.AbstractOpenApiResource  : Init duration for springdoc-openapi is: 373 ms
2025-12-09T17:09:40.478+08:00  WARN 15808 --- [campus-club-manager-backend] [nio-8080-exec-3] c.c.c.exception.GlobalExceptionHandler   : 未登录异常: 未能读取到有效 token
2025-12-09T17:09:42.197+08:00  WARN 15808 --- [campus-club-manager-backend] [nio-8080-exec-4] c.c.c.exception.GlobalExceptionHandler   : 未登录异常: 未能读取到有效 token
